<?xml version="1.0" encoding="UTF-8"?>
<!-- Generated by org.testng.reporters.JUnitXMLReporter -->
<testsuite hostname="DESKTOP-51FFI4L" ignored="0" name="Command line test" tests="2" failures="0" timestamp="16 Jun 2019 11:28:51 GMT" time="0.22" errors="0">
  <testcase name="@BeforeMethod setUp" time="0.154" classname="com.TcsDevops.SeleniumProject.NewTest">
    <failure type="java.lang.IllegalStateException" message="The driver executable does not exist: D:\var\jenkins_home\workspace\seleniumTesting\bin\chromedriver">
      <![CDATA[java.lang.IllegalStateException: The driver executable does not exist: D:\var\jenkins_home\workspace\seleniumTesting\bin\chromedriver
at com.google.common.base.Preconditions.checkState(Preconditions.java:585)
at org.openqa.selenium.remote.service.DriverService.checkExecutable(DriverService.java:136)
at org.openqa.selenium.remote.service.DriverService.findExecutable(DriverService.java:131)
at org.openqa.selenium.chrome.ChromeDriverService.access$000(ChromeDriverService.java:32)
at org.openqa.selenium.chrome.ChromeDriverService$Builder.findDefaultExecutable(ChromeDriverService.java:137)
at org.openqa.selenium.remote.service.DriverService$Builder.build(DriverService.java:339)
at org.openqa.selenium.chrome.ChromeDriverService.createDefaultService(ChromeDriverService.java:88)
at org.openqa.selenium.chrome.ChromeDriver.<init>(ChromeDriver.java:157)
at com.TcsDevops.SeleniumProject.NewTest.setUp(NewTest.java:24)
... Removed 38 stack frames]]>
    </failure>
  </testcase> <!-- @BeforeMethod setUp -->
  <testcase name="@AfterMethod quit" time="0.0" classname="com.TcsDevops.SeleniumProject.NewTest">
    <skipped/>
  </testcase> <!-- @AfterMethod quit -->
  <testcase name="@BeforeMethod setUp" time="0.0" classname="com.TcsDevops.SeleniumProject.NewTest">
    <skipped/>
  </testcase> <!-- @BeforeMethod setUp -->
  <testcase name="@AfterMethod quit" time="0.0" classname="com.TcsDevops.SeleniumProject.NewTest">
    <skipped/>
  </testcase> <!-- @AfterMethod quit -->
  <testcase name="checkImageDisplayed" time="0.0" classname="com.TcsDevops.SeleniumProject.NewTest">
    <skipped/>
  </testcase> <!-- checkImageDisplayed -->
  <testcase name="checkText" time="0.0" classname="com.TcsDevops.SeleniumProject.NewTest">
    <skipped/>
  </testcase> <!-- checkText -->
</testsuite> <!-- Command line test -->
